This is pdfTeX, Version 3.14159265-2.6-1.40.19 (MiKTeX 2.9.6840 64-bit) (preloaded format=pdflatex 2018.12.20)  21 DEC 2018 13:47
entering extended mode
**"./Freestyle conecpt.tex"
("Freestyle conecpt.tex"
LaTeX2e <2018-04-01> patch level 5
("C:\Program Files\Neuer Ordner\tex\latex\base\article.cls"
Document Class: article 2014/09/29 v1.4h Standard LaTeX document class
("C:\Program Files\Neuer Ordner\tex\latex\base\size10.clo"
File: size10.clo 2014/09/29 v1.4h Standard LaTeX file (size option)
)
\c@part=\count80
\c@section=\count81
\c@subsection=\count82
\c@subsubsection=\count83
\c@paragraph=\count84
\c@subparagraph=\count85
\c@figure=\count86
\c@table=\count87
\abovecaptionskip=\skip41
\belowcaptionskip=\skip42
\bibindent=\dimen102
)
("C:\Program Files\Neuer Ordner\tex\latex\cite\cite.sty"
LaTeX Info: Redefining \cite on input line 302.
LaTeX Info: Redefining \nocite on input line 332.
Package: cite 2015/02/27  v 5.5
)

LaTeX Warning: Unused global option(s):
    [paper=a4].

("Freestyle conecpt.aux")
\openout1 = `"Freestyle conecpt.aux"'.

LaTeX Font Info:    Checking defaults for OML/cmm/m/it on input line 5.
LaTeX Font Info:    ... okay on input line 5.
LaTeX Font Info:    Checking defaults for T1/cmr/m/n on input line 5.
LaTeX Font Info:    ... okay on input line 5.
LaTeX Font Info:    Checking defaults for OT1/cmr/m/n on input line 5.
LaTeX Font Info:    ... okay on input line 5.
LaTeX Font Info:    Checking defaults for OMS/cmsy/m/n on input line 5.
LaTeX Font Info:    ... okay on input line 5.
LaTeX Font Info:    Checking defaults for OMX/cmex/m/n on input line 5.
LaTeX Font Info:    ... okay on input line 5.
LaTeX Font Info:    Checking defaults for U/cmr/m/n on input line 5.
LaTeX Font Info:    ... okay on input line 5.
LaTeX Font Info:    External font `cmex10' loaded for size
(Font)              <12> on input line 7.
LaTeX Font Info:    External font `cmex10' loaded for size
(Font)              <8> on input line 7.
LaTeX Font Info:    External font `cmex10' loaded for size
(Font)              <6> on input line 7.
 ("Freestyle conecpt.toc"
LaTeX Font Info:    External font `cmex10' loaded for size
(Font)              <7> on input line 4.
LaTeX Font Info:    External font `cmex10' loaded for size
(Font)              <5> on input line 4.
)
\tf@toc=\write3
\openout3 = `"Freestyle conecpt.toc"'.

 [1

{C:/Users/Julian/AppData/Local/MiKTeX/2.9/pdftex/config/pdftex.map}] [2]
Overfull \hbox (274.16766pt too wide) in paragraph at lines 48--64
[] 
 []

("Freestyle conecpt.bbl") [3] ("Freestyle conecpt.aux") ) 
Here is how much of TeX's memory you used:
 335 strings out of 492970
 4043 string characters out of 3134969
 63869 words of memory out of 3000000
 4272 multiletter control sequences out of 15000+200000
 8241 words of font info for 29 fonts, out of 3000000 for 9000
 1141 hyphenation exceptions out of 8191
 23i,6n,18p,444b,187s stack positions out of 5000i,500n,10000p,200000b,50000s
<C:/Program Files/Neue
r Ordner/fonts/type1/public/amsfonts/cm/cmbx10.pfb><C:/Program Files/Neuer Ordn
er/fonts/type1/public/amsfonts/cm/cmbx12.pfb><C:/Program Files/Neuer Ordner/fon
ts/type1/public/amsfonts/cm/cmr10.pfb><C:/Program Files/Neuer Ordner/fonts/type
1/public/amsfonts/cm/cmr12.pfb><C:/Program Files/Neuer Ordner/fonts/type1/publi
c/amsfonts/cm/cmr17.pfb><C:/Program Files/Neuer Ordner/fonts/type1/public/amsfo
nts/cm/cmti10.pfb>
Output written on "Freestyle conecpt.pdf" (3 pages, 91929 bytes).
PDF statistics:
 36 PDF objects out of 1000 (max. 8388607)
 0 named destinations out of 1000 (max. 500000)
 1 words of extra memory for PDF output out of 10000 (max. 10000000)

